npm warn Unknown project config "puppeteer_skip_download". This will stop working in the next major version of npm.

> vault-logic@1.0.0 build
> cross-env VITE_GOOGLE_CLIENT_ID=$VITE_GOOGLE_CLIENT_ID vite build && esbuild server/production.ts --platform=node --bundle --format=esm --outfile=dist/index.js --packages=external

[36mvite v7.2.7 [32mbuilding client environment for production...[36m[39m
transforming...
[32mΓ£ô[39m 3 modules transformed.
Γ£ù Build failed in 478ms
error during build:
[vite:css] [postcss] C:/Users/scoot/poll/VaultLogic/client/src/index.css:86:1: Unclosed block
file: C:/Users/scoot/poll/VaultLogic/client/src/index.css:86:0
    at Input.error (C:\Users\scoot\poll\VaultLogic\node_modules\postcss\lib\input.js:135:16)
    at Parser.unclosedBlock (C:\Users\scoot\poll\VaultLogic\node_modules\postcss\lib\parser.js:575:22)
    at Parser.endFile (C:\Users\scoot\poll\VaultLogic\node_modules\postcss\lib\parser.js:335:35)
    at Parser.parse (C:\Users\scoot\poll\VaultLogic\node_modules\postcss\lib\parser.js:476:10)
    at parse (C:\Users\scoot\poll\VaultLogic\node_modules\postcss\lib\parse.js:11:12)
    at new LazyResult (C:\Users\scoot\poll\VaultLogic\node_modules\postcss\lib\lazy-result.js:165:16)
    at Processor.process (C:\Users\scoot\poll\VaultLogic\node_modules\postcss\lib\processor.js:53:14)
    at runPostCSS (file:///C:/Users/scoot/poll/VaultLogic/node_modules/vite/dist/node/chunks/config.js:30144:68)
    at async compilePostCSS (file:///C:/Users/scoot/poll/VaultLogic/node_modules/vite/dist/node/chunks/config.js:30128:6)
    at async compileCSS (file:///C:/Users/scoot/poll/VaultLogic/node_modules/vite/dist/node/chunks/config.js:30058:26)
